Array
(
    [time] => Wed, 25 Aug 2010 20:42:40 -0500
    [addr] => ******e
    [agent] => Shockwave Flash
    [post] => Array
        (
            [Filename] => tar.png
            [Upload] => Submit Query
        )

    [files] => Array
        (
            [Filedata] => Array
                (
                    [name] => tar.png
                    [type] => application/octet-stream
                    [tmp_name] => C:\Windows\Temp\php315.tmp
                    [error] => 0
                    [size] => 1861
                )

        )

)

---
Array
(
    [time] => Wed, 25 Aug 2010 20:43:50 -0500
    [addr] => ******e
    [agent] => Shockwave Flash
    [post] => Array
        (
            [Filename] => tar.gif
            [Upload] => Submit Query
        )

    [files] => Array
        (
            [Filedata] => Array
                (
                    [name] => tar.gif
                    [type] => application/octet-stream
                    [tmp_name] => C:\Windows\Temp\php16A5.tmp
                    [error] => 0
                    [size] => 365
                )

        )

)

---
Array
(
    [time] => Wed, 25 Aug 2010 20:43:52 -0500
    [addr] => ******e
    [agent] => Shockwave Flash
    [post] => Array
        (
            [Filename] => tar.png
            [Upload] => Submit Query
        )

    [files] => Array
        (
            [Filedata] => Array
                (
                    [name] => tar.png
                    [type] => application/octet-stream
                    [tmp_name] => C:\Windows\Temp\php1BA4.tmp
                    [error] => 0
                    [size] => 1861
                )

        )

)

---
Array
(
    [time] => Wed, 25 Aug 2010 20:51:07 -0500
    [addr] => ******e
    [agent] => Shockwave Flash
    [post] => Array
        (
            [Filename] => tar.png
            [Upload] => Submit Query
        )

    [files] => Array
        (
            [Filedata] => Array
                (
                    [name] => tar.png
                    [type] => application/octet-stream
                    [tmp_name] => C:\Windows\Temp\phpC26E.tmp
                    [error] => 0
                    [size] => 1861
                )

        )

)

---
Array
(
    [time] => Wed, 25 Aug 2010 20:51:55 -0500
    [addr] => ******e
    [agent] => Shockwave Flash
    [post] => Array
        (
            [Filename] => tar.png
            [Upload] => Submit Query
        )

    [files] => Array
        (
            [Filedata] => Array
                (
                    [name] => tar.png
                    [type] => application/octet-stream
                    [tmp_name] => C:\Windows\Temp\php7BBE.tmp
                    [error] => 0
                    [size] => 1861
                )

        )

)

---
Array
(
    [time] => Wed, 25 Aug 2010 20:53:18 -0500
    [addr] => ******e
    [agent] => Shockwave Flash
    [post] => Array
        (
            [Filename] => tar.png
            [Upload] => Submit Query
        )

    [files] => Array
        (
            [Filedata] => Array
                (
                    [name] => tar.png
                    [type] => application/octet-stream
                    [tmp_name] => C:\Windows\Temp\phpC08A.tmp
                    [error] => 0
                    [size] => 1861
                )

        )

)

---
Array
(
    [time] => Wed, 25 Aug 2010 20:53:52 -0500
    [addr] => ******e
    [agent] => Shockwave Flash
    [post] => Array
        (
            [Filename] => tar.png
            [Upload] => Submit Query
        )

    [files] => Array
        (
            [Filedata] => Array
                (
                    [name] => tar.png
                    [type] => application/octet-stream
                    [tmp_name] => C:\Windows\Temp\php44D6.tmp
                    [error] => 0
                    [size] => 1861
                )

        )

)

---
Array
(
    [time] => Wed, 25 Aug 2010 20:56:02 -0500
    [addr] => ******e
    [agent] => Shockwave Flash
    [post] => Array
        (
            [Filename] => tar.png
            [Upload] => Submit Query
        )

    [files] => Array
        (
            [Filedata] => Array
                (
                    [name] => tar.png
                    [type] => application/octet-stream
                    [tmp_name] => C:\Windows\Temp\php42A4.tmp
                    [error] => 0
                    [size] => 1861
                )

        )

)

---
Array
(
    [time] => Wed, 25 Aug 2010 20:57:36 -0500
    [addr] => ******e
    [agent] => Shockwave Flash
    [post] => Array
        (
            [Filename] => tar.gif
            [Upload] => Submit Query
        )

    [files] => Array
        (
            [Filedata] => Array
                (
                    [name] => tar.gif
                    [type] => application/octet-stream
                    [tmp_name] => C:\Windows\Temp\phpB1FA.tmp
                    [error] => 0
                    [size] => 365
                )

        )

)

---
Array
(
    [time] => Wed, 25 Aug 2010 20:59:12 -0500
    [addr] => ******e
    [agent] => Shockwave Flash
    [post] => Array
        (
            [Filename] => tar.gif
            [Upload] => Submit Query
        )

    [files] => Array
        (
            [Filedata] => Array
                (
                    [name] => tar.gif
                    [type] => application/octet-stream
                    [tmp_name] => C:\Windows\Temp\php26EA.tmp
                    [error] => 0
                    [size] => 365
                )

        )

)

---
Array
(
    [time] => Wed, 25 Aug 2010 21:01:29 -0500
    [addr] => ******e
    [agent] => Shockwave Flash
    [post] => Array
        (
            [Filename] => tar.png
            [Upload] => Submit Query
        )

    [files] => Array
        (
            [Filedata] => Array
                (
                    [name] => tar.png
                    [type] => application/octet-stream
                    [tmp_name] => C:\Windows\Temp\php3D28.tmp
                    [error] => 0
                    [size] => 1861
                )

        )

)

---
Array
(
    [time] => Wed, 25 Aug 2010 21:05:33 -0500
    [addr] => ******e
    [agent] => Shockwave Flash
    [post] => Array
        (
            [Filename] => tar.png
            [Upload] => Submit Query
        )

    [files] => Array
        (
            [Filedata] => Array
                (
                    [name] => tar.png
                    [type] => application/octet-stream
                    [tmp_name] => C:\Windows\Temp\phpF743.tmp
                    [error] => 0
                    [size] => 1861
                )

        )

)

---
Array
(
    [time] => Wed, 25 Aug 2010 21:06:02 -0500
    [addr] => ******e
    [agent] => Shockwave Flash
    [post] => Array
        (
            [Filename] => tar.png
            [Upload] => Submit Query
        )

    [files] => Array
        (
            [Filedata] => Array
                (
                    [name] => tar.png
                    [type] => application/octet-stream
                    [tmp_name] => C:\Windows\Temp\php686D.tmp
                    [error] => 0
                    [size] => 1861
                )

        )

)

---
Array
(
    [time] => Wed, 25 Aug 2010 21:06:35 -0500
    [addr] => ******e
    [agent] => Shockwave Flash
    [post] => Array
        (
            [Filename] => tar.png
            [Upload] => Submit Query
        )

    [files] => Array
        (
            [Filedata] => Array
                (
                    [name] => tar.png
                    [type] => application/octet-stream
                    [tmp_name] => C:\Windows\Temp\phpE98D.tmp
                    [error] => 0
                    [size] => 1861
                )

        )

)

---
Array
(
    [time] => Wed, 25 Aug 2010 21:06:52 -0500
    [addr] => ******e
    [agent] => Shockwave Flash
    [post] => Array
        (
            [Filename] => tar.png
            [Upload] => Submit Query
        )

    [files] => Array
        (
            [Filedata] => Array
                (
                    [name] => tar.png
                    [type] => application/octet-stream
                    [tmp_name] => C:\Windows\Temp\php2C86.tmp
                    [error] => 0
                    [size] => 1861
                )

        )

)

---
Array
(
    [time] => Wed, 25 Aug 2010 21:09:05 -0500
    [addr] => ******e
    [agent] => Shockwave Flash
    [post] => Array
        (
            [Filename] => tar.png
            [Upload] => Submit Query
        )

    [files] => Array
        (
            [Filedata] => Array
                (
                    [name] => tar.png
                    [type] => application/octet-stream
                    [tmp_name] => C:\Windows\Temp\php34A1.tmp
                    [error] => 0
                    [size] => 1861
                )

        )

)

---
Array
(
    [time] => Wed, 25 Aug 2010 21:10:04 -0500
    [addr] => ******e
    [agent] => Shockwave Flash
    [post] => Array
        (
            [Filename] => tar.png
            [Upload] => Submit Query
        )

    [files] => Array
        (
            [Filedata] => Array
                (
                    [name] => tar.png
                    [type] => application/octet-stream
                    [tmp_name] => C:\Windows\Temp\php1ABA.tmp
                    [error] => 0
                    [size] => 1861
                )

        )

)

---
Array
(
    [time] => Wed, 25 Aug 2010 21:12:53 -0500
    [addr] => ******e
    [agent] => Shockwave Flash
    [post] => Array
        (
            [Filename] => tar.png
            [Upload] => Submit Query
        )

    [files] => Array
        (
            [Filedata] => Array
                (
                    [name] => tar.png
                    [type] => application/octet-stream
                    [tmp_name] => C:\Windows\Temp\phpAF5B.tmp
                    [error] => 0
                    [size] => 1861
                )

        )

)

---
Array
(
    [time] => Wed, 25 Aug 2010 21:13:22 -0500
    [addr] => ******e
    [agent] => Shockwave Flash
    [post] => Array
        (
            [Filename] => tar.gif
            [Upload] => Submit Query
        )

    [files] => Array
        (
            [Filedata] => Array
                (
                    [name] => tar.gif
                    [type] => application/octet-stream
                    [tmp_name] => C:\Windows\Temp\php1F6C.tmp
                    [error] => 0
                    [size] => 365
                )

        )

)

---
Array
(
    [time] => Wed, 25 Aug 2010 21:14:35 -0500
    [addr] => ******e
    [agent] => Shockwave Flash
    [post] => Array
        (
            [Filename] => tar.png
            [Upload] => Submit Query
        )

    [files] => Array
        (
            [Filedata] => Array
                (
                    [name] => tar.png
                    [type] => application/octet-stream
                    [tmp_name] => C:\Windows\Temp\php3C00.tmp
                    [error] => 0
                    [size] => 1861
                )

        )

)

---
Array
(
    [time] => Wed, 25 Aug 2010 21:15:24 -0500
    [addr] => ******e
    [agent] => Shockwave Flash
    [post] => Array
        (
            [Filename] => tar.png
            [Upload] => Submit Query
        )

    [files] => Array
        (
            [Filedata] => Array
                (
                    [name] => tar.png
                    [type] => application/octet-stream
                    [tmp_name] => C:\Windows\Temp\phpFAAD.tmp
                    [error] => 0
                    [size] => 1861
                )

        )

)

---
Array
(
    [time] => Wed, 25 Aug 2010 21:16:12 -0500
    [addr] => ******e
    [agent] => Shockwave Flash
    [post] => Array
        (
            [Filename] => tar.png
            [Upload] => Submit Query
        )

    [files] => Array
        (
            [Filedata] => Array
                (
                    [name] => tar.png
                    [type] => application/octet-stream
                    [tmp_name] => C:\Windows\Temp\phpB6EA.tmp
                    [error] => 0
                    [size] => 1861
                )

        )

)

---
Array
(
    [time] => Wed, 25 Aug 2010 21:17:29 -0500
    [addr] => ******e
    [agent] => Shockwave Flash
    [post] => Array
        (
            [Filename] => tar.png
            [Upload] => Submit Query
        )

    [files] => Array
        (
            [Filedata] => Array
                (
                    [name] => tar.png
                    [type] => application/octet-stream
                    [tmp_name] => C:\Windows\Temp\phpE3E3.tmp
                    [error] => 0
                    [size] => 1861
                )

        )

)

---
Array
(
    [time] => Wed, 25 Aug 2010 21:18:13 -0500
    [addr] => ******e
    [agent] => Shockwave Flash
    [post] => Array
        (
            [Filename] => tar.png
            [Upload] => Submit Query
        )

    [files] => Array
        (
            [Filedata] => Array
                (
                    [name] => tar.png
                    [type] => application/octet-stream
                    [tmp_name] => C:\Windows\Temp\php8FBB.tmp
                    [error] => 0
                    [size] => 1861
                )

        )

)

---
Array
(
    [time] => Wed, 25 Aug 2010 21:18:41 -0500
    [addr] => ******e
    [agent] => Shockwave Flash
    [post] => Array
        (
            [Filename] => tar.png
            [Upload] => Submit Query
        )

    [files] => Array
        (
            [Filedata] => Array
                (
                    [name] => tar.png
                    [type] => application/octet-stream
                    [tmp_name] => C:\Windows\Temp\phpFE26.tmp
                    [error] => 0
                    [size] => 1861
                )

        )

)

---
Array
(
    [time] => Wed, 25 Aug 2010 21:22:07 -0500
    [addr] => ******e
    [agent] => Shockwave Flash
    [post] => Array
        (
            [Filename] => tar.png
            [Upload] => Submit Query
        )

    [files] => Array
        (
            [Filedata] => Array
                (
                    [name] => tar.png
                    [type] => application/octet-stream
                    [tmp_name] => C:\Windows\Temp\php219E.tmp
                    [error] => 0
                    [size] => 1861
                )

        )

)

---
Array
(
    [time] => Wed, 25 Aug 2010 21:22:33 -0500
    [addr] => ******e
    [agent] => Shockwave Flash
    [post] => Array
        (
            [Filename] => tar.png
            [Upload] => Submit Query
        )

    [files] => Array
        (
            [Filedata] => Array
                (
                    [name] => tar.png
                    [type] => application/octet-stream
                    [tmp_name] => C:\Windows\Temp\php860A.tmp
                    [error] => 0
                    [size] => 1861
                )

        )

)

---
Array
(
    [time] => Wed, 25 Aug 2010 21:23:56 -0500
    [addr] => ******e
    [agent] => Shockwave Flash
    [post] => Array
        (
            [Filename] => tar.gif
            [Upload] => Submit Query
        )

    [files] => Array
        (
            [Filedata] => Array
                (
                    [name] => tar.gif
                    [type] => application/octet-stream
                    [tmp_name] => C:\Windows\Temp\phpCCBB.tmp
                    [error] => 0
                    [size] => 365
                )

        )

)

---
Array
(
    [time] => Wed, 25 Aug 2010 21:24:53 -0500
    [addr] => ******e
    [agent] => Shockwave Flash
    [post] => Array
        (
            [Filename] => tar.png
            [Upload] => Submit Query
        )

    [files] => Array
        (
            [Filedata] => Array
                (
                    [name] => tar.png
                    [type] => application/octet-stream
                    [tmp_name] => C:\Windows\Temp\phpA924.tmp
                    [error] => 0
                    [size] => 1861
                )

        )

)

---
Array
(
    [time] => Wed, 25 Aug 2010 21:25:42 -0500
    [addr] => ******e
    [agent] => Shockwave Flash
    [post] => Array
        (
            [Filename] => tar.png
            [Upload] => Submit Query
        )

    [files] => Array
        (
            [Filedata] => Array
                (
                    [name] => tar.png
                    [type] => application/octet-stream
                    [tmp_name] => C:\Windows\Temp\php6B89.tmp
                    [error] => 0
                    [size] => 1861
                )

        )

)

---
